<?xml version="1.0" encoding="UTF-8"?>
<testng-results skipped="0" failed="0" total="2" passed="2">
  <reporter-output>
  </reporter-output>
  <suite name="Default suite" duration-ms="30191" started-at="2015-10-25T11:15:29Z" finished-at="2015-10-25T11:16:00Z">
    <groups>
    </groups>
    <test name="Default test" duration-ms="30191" started-at="2015-10-25T11:15:29Z" finished-at="2015-10-25T11:16:00Z">
      <class name="day2.Selenium_Basics">
        <test-method status="PASS" signature="testApp(java.lang.String, java.lang.String, java.lang.String)[pri:0, instance:day2.Selenium_Basics@75ea2543]" name="testApp" duration-ms="11774" started-at="2015-10-25T13:15:29Z" data-provider="getData" finished-at="2015-10-25T13:15:41Z">
          <params>
            <param index="0">
              <value>
                <![CDATA[Mozilla]]>
              </value>
            </param>
            <param index="1">
              <value>
                <![CDATA[illa]]>
              </value>
            </param>
            <param index="2">
              <value>
                <![CDATA[fire]]>
              </value>
            </param>
          </params>
          <reporter-output>
          </reporter-output>
        </test-method> <!-- testApp -->
        <test-method status="PASS" signature="testApp(java.lang.String, java.lang.String, java.lang.String)[pri:0, instance:day2.Selenium_Basics@75ea2543]" name="testApp" duration-ms="18399" started-at="2015-10-25T13:15:41Z" data-provider="getData" finished-at="2015-10-25T13:16:00Z">
          <params>
            <param index="0">
              <value>
                <![CDATA[Chrome]]>
              </value>
            </param>
            <param index="1">
              <value>
                <![CDATA[goo]]>
              </value>
            </param>
            <param index="2">
              <value>
                <![CDATA[gle]]>
              </value>
            </param>
          </params>
          <reporter-output>
          </reporter-output>
        </test-method> <!-- testApp -->
      </class> <!-- day2.Selenium_Basics -->
    </test> <!-- Default test -->
  </suite> <!-- Default suite -->
</testng-results>
